Using pre-set license
Built from '2021.3/release' branch; Version is '2021.3.17f1 (3e8111cac19d) revision 4096273'; Using compiler version '192829333'; Build Type 'Release'
OS: 'Windows 10  (10.0.19044) 64bit Core' Language: 'en' Physical Memory: 16215 MB
BatchMode: 1, IsHumanControllingUs: 0, StartBugReporterOnCrash: 0, Is64bit: 1, IsPro: 1

COMMAND LINE ARGUMENTS:
C:\Program Files\Unity\Hub\Editor\2021.3.17f1\Editor\Unity.exe
-adb2
-batchMode
-noUpm
-name
AssetImportWorker4
-projectPath
C:/Users/91770/Desktop/Unity Projects/Zombie Shooter
-logFile
Logs/AssetImportWorker4.log
-srvPort
59022
Successfully changed project path to: C:/Users/91770/Desktop/Unity Projects/Zombie Shooter
C:/Users/91770/Desktop/Unity Projects/Zombie Shooter
[UnityMemory] Configuration Parameters - Can be set up in boot.config
    "memorysetup-bucket-allocator-granularity=16"
    "memorysetup-bucket-allocator-bucket-count=8"
    "memorysetup-bucket-allocator-block-size=33554432"
    "memorysetup-bucket-allocator-block-count=8"
    "memorysetup-main-allocator-block-size=16777216"
    "memorysetup-thread-allocator-block-size=16777216"
    "memorysetup-gfx-main-allocator-block-size=16777216"
    "memorysetup-gfx-thread-allocator-block-size=16777216"
    "memorysetup-cache-allocator-block-size=4194304"
    "memorysetup-typetree-allocator-block-size=2097152"
    "memorysetup-profiler-bucket-allocator-granularity=16"
    "memorysetup-profiler-bucket-allocator-bucket-count=8"
    "memorysetup-profiler-bucket-allocator-block-size=33554432"
    "memorysetup-profiler-bucket-allocator-block-count=8"
    "memorysetup-profiler-allocator-block-size=16777216"
    "memorysetup-profiler-editor-allocator-block-size=1048576"
    "memorysetup-temp-allocator-size-main=16777216"
    "memorysetup-job-temp-allocator-block-size=2097152"
    "memorysetup-job-temp-allocator-block-size-background=1048576"
    "memorysetup-job-temp-allocator-reduction-small-platforms=262144"
    "memorysetup-temp-allocator-size-background-worker=32768"
    "memorysetup-temp-allocator-size-job-worker=262144"
    "memorysetup-temp-allocator-size-preload-manager=33554432"
    "memorysetup-temp-allocator-size-nav-mesh-worker=65536"
    "memorysetup-temp-allocator-size-audio-worker=65536"
    "memorysetup-temp-allocator-size-cloud-worker=32768"
    "memorysetup-temp-allocator-size-gi-baking-worker=262144"
    "memorysetup-temp-allocator-size-gfx=262144"
Player connection [10532] Host "[IP] 192.168.29.71 [Port] 0 [Flags] 2 [Guid] 2083480686 [EditorId] 2083480686 [Version] 1048832 [Id] WindowsEditor(7,Ijaz-PC) [Debug] 1 [PackageName] WindowsEditor [ProjectName] Editor" joined multi-casting on [225.0.0.222:54997]...

Player connection [10532] Host "[IP] 192.168.29.71 [Port] 0 [Flags] 2 [Guid] 2083480686 [EditorId] 2083480686 [Version] 1048832 [Id] WindowsEditor(7,Ijaz-PC) [Debug] 1 [PackageName] WindowsEditor [ProjectName] Editor" joined alternative multi-casting on [225.0.0.222:34997]...

Refreshing native plugins compatible for Editor in 200.56 ms, found 3 plugins.
Preloading 0 native plugins for Editor in 0.00 ms.
Initialize engine version: 2021.3.17f1 (3e8111cac19d)
[Subsystems] Discovering subsystems at path C:/Program Files/Unity/Hub/Editor/2021.3.17f1/Editor/Data/Resources/UnitySubsystems
[Subsystems] Discovering subsystems at path C:/Users/91770/Desktop/Unity Projects/Zombie Shooter/Assets
GfxDevice: creating device client; threaded=0; jobified=0
Direct3D:
    Version:  Direct3D 11.0 [level 11.1]
    Renderer: NVIDIA GeForce GTX 1650 (ID=0x1f99)
    Vendor:   NVIDIA
    VRAM:     3949 MB
    Driver:   31.0.15.2756
Initialize mono
Mono path[0] = 'C:/Program Files/Unity/Hub/Editor/2021.3.17f1/Editor/Data/Managed'
Mono path[1] = 'C:/Program Files/Unity/Hub/Editor/2021.3.17f1/Editor/Data/MonoBleedingEdge/lib/mono/unityjit-win32'
Mono config path = 'C:/Program Files/Unity/Hub/Editor/2021.3.17f1/Editor/Data/MonoBleedingEdge/etc'
Using monoOptions --debugger-agent=transport=dt_socket,embedding=1,server=y,suspend=n,address=127.0.0.1:56932
Begin MonoManager ReloadAssembly
Registering precompiled unity dll's ...
Register platform support module: C:/Program Files/Unity/Hub/Editor/2021.3.17f1/Editor/Data/PlaybackEngines/WebGLSupport/UnityEditor.WebGL.Extensions.dll
Register platform support module: C:/Program Files/Unity/Hub/Editor/2021.3.17f1/Editor/Data/PlaybackEngines/WindowsStandaloneSupport/UnityEditor.WindowsStandalone.Extensions.dll
Registered in 0.013033 seconds.
Native extension for WindowsStandalone target not found
Native extension for WebGL target not found
Refreshing native plugins compatible for Editor in 189.97 ms, found 3 plugins.
Preloading 0 native plugins for Editor in 0.00 ms.
Mono: successfully reloaded assembly
- Completed reload, in  1.043 seconds
Domain Reload Profiling:
	ReloadAssembly (1044ms)
		BeginReloadAssembly (113ms)
			ExecutionOrderSort (0ms)
			DisableScriptedObjects (0ms)
			BackupInstance (0ms)
			ReleaseScriptingObjects (0ms)
			CreateAndSetChildDomain (2ms)
		EndReloadAssembly (744ms)
			LoadAssemblies (109ms)
			RebuildTransferFunctionScriptingTraits (0ms)
			SetupTypeCache (168ms)
			ReleaseScriptCaches (0ms)
			RebuildScriptCaches (36ms)
			SetupLoadedEditorAssemblies (452ms)
				LogAssemblyErrors (0ms)
				InitializePlatformSupportModulesInManaged (14ms)
				SetLoadedEditorAssemblies (0ms)
				RefreshPlugins (190ms)
				BeforeProcessingInitializeOnLoad (2ms)
				ProcessInitializeOnLoadAttributes (170ms)
				ProcessInitializeOnLoadMethodAttributes (75ms)
				AfterProcessingInitializeOnLoad (0ms)
				EditorAssembliesLoaded (0ms)
			ExecutionOrderSort2 (0ms)
			AwakeInstancesAfterBackupRestoration (0ms)
Platform modules already initialized, skipping
Registering precompiled user dll's ...
Registered in 0.019787 seconds.
Begin MonoManager ReloadAssembly
Symbol file LoadedFromMemory doesn't match image C:\Users\91770\Desktop\Unity Projects\Zombie Shooter\Library\PackageCache\com.unity.visualscripting@1.8.0\Editor\VisualScripting.Core\Dependencies\YamlDotNet\Unity.VisualScripting.YamlDotNet.dll
Symbol file LoadedFromMemory doesn't match image C:\Users\91770\Desktop\Unity Projects\Zombie Shooter\Library\PackageCache\com.unity.visualscripting@1.8.0\Editor\VisualScripting.Core\Dependencies\DotNetZip\Unity.VisualScripting.IonicZip.dll
Native extension for WindowsStandalone target not found
Native extension for WebGL target not found
Refreshing native plugins compatible for Editor in 173.15 ms, found 3 plugins.
Preloading 0 native plugins for Editor in 0.00 ms.
Mono: successfully reloaded assembly
- Completed reload, in  9.323 seconds
Domain Reload Profiling:
	ReloadAssembly (9324ms)
		BeginReloadAssembly (145ms)
			ExecutionOrderSort (0ms)
			DisableScriptedObjects (7ms)
			BackupInstance (0ms)
			ReleaseScriptingObjects (0ms)
			CreateAndSetChildDomain (25ms)
		EndReloadAssembly (9000ms)
			LoadAssemblies (5420ms)
			RebuildTransferFunctionScriptingTraits (0ms)
			SetupTypeCache (1035ms)
			ReleaseScriptCaches (1ms)
			RebuildScriptCaches (96ms)
			SetupLoadedEditorAssemblies (2388ms)
				LogAssemblyErrors (0ms)
				InitializePlatformSupportModulesInManaged (8ms)
				SetLoadedEditorAssemblies (0ms)
				RefreshPlugins (173ms)
				BeforeProcessingInitializeOnLoad (208ms)
				ProcessInitializeOnLoadAttributes (569ms)
				ProcessInitializeOnLoadMethodAttributes (1416ms)
				AfterProcessingInitializeOnLoad (13ms)
				EditorAssembliesLoaded (0ms)
			ExecutionOrderSort2 (0ms)
			AwakeInstancesAfterBackupRestoration (7ms)
Platform modules already initialized, skipping
========================================================================
Worker process is ready to serve import requests
Launched and connected shader compiler UnityShaderCompiler.exe after 0.07 seconds
Refreshing native plugins compatible for Editor in 1.26 ms, found 3 plugins.
Preloading 0 native plugins for Editor in 0.00 ms.
Unloading 5857 Unused Serialized files (Serialized files now loaded: 0)
Unloading 59 unused Assets / (0.8 MB). Loaded Objects now: 6324.
Memory consumption went from 240.1 MB to 239.3 MB.
Total: 6.220300 ms (FindLiveObjects: 0.473800 ms CreateObjectMapping: 0.489600 ms MarkObjects: 4.727800 ms  DeleteObjects: 0.528100 ms)

AssetImportParameters requested are different than current active one (requested -> active):
  custom:video-decoder-ogg-theora: a1e56fd34408186e4bbccfd4996cb3dc -> 
  custom:container-muxer-webm: aa71ff27fc2769a1b78a27578f13a17b -> 
  custom:container-demuxer-webm: 4f35f7cbe854078d1ac9338744f61a02 -> 
  custom:video-encoder-webm-vp8: eb34c28f22e8b96e1ab97ce403110664 -> 
  custom:audio-encoder-webm-vorbis: bf7c407c2cedff20999df2af8eb42d56 -> 
  custom:framework-win-MediaFoundation: 216162199b28c13a410421893ffa2e32 -> 
  custom:container-demuxer-ogg: 62fdf1f143b41e24485cea50d1cbac27 -> 
  custom:video-decoder-webm-vp8: 9c59270c3fd7afecdb556c50c9e8de78 -> 
  custom:audio-decoder-ogg-vorbis: bf7c407c2cedff20999df2af8eb42d56 -> 
========================================================================
Received Import Request.
  Time since last request: 1483581.701141 seconds.
  path: Assets/Skeletonzombie T Avelange.fbx
  artifactKey: Guid(45c6c6de8fd5e1644b0e1998ffec4f7b) Importer(815301076,1909f56bfc062723c751e8b465ee728b)
Start importing Assets/Skeletonzombie T Avelange.fbx using Guid(45c6c6de8fd5e1644b0e1998ffec4f7b) Importer(815301076,1909f56bfc062723c751e8b465ee728b)  -> (artifact id: 'a802e11085ffbacf73fd60beb1f3aaba') in 0.241153 seconds 
========================================================================
Received Import Request.
  Time since last request: 1.541809 seconds.
  path: Assets/Animation
  artifactKey: Guid(58298c61a1cf8394da9c819f4c4e0b91) Importer(815301076,1909f56bfc062723c751e8b465ee728b)
Start importing Assets/Animation using Guid(58298c61a1cf8394da9c819f4c4e0b91) Importer(815301076,1909f56bfc062723c751e8b465ee728b)  -> (artifact id: '49be13f8550437714497f3b6e77b327b') in 0.010835 seconds 
========================================================================
Received Import Request.
  Time since last request: 0.083093 seconds.
  path: Assets/Animation/skeletonZombie_Material.mat
  artifactKey: Guid(9e8b712cd7d559e458cf93f6dd612673) Importer(815301076,1909f56bfc062723c751e8b465ee728b)
Start importing Assets/Animation/skeletonZombie_Material.mat using Guid(9e8b712cd7d559e458cf93f6dd612673) Importer(815301076,1909f56bfc062723c751e8b465ee728b)  -> (artifact id: '9247416379f0420cf074fed8bb5b8cf9') in 0.021148 seconds 
========================================================================
Received Import Request.
  Time since last request: 1.035219 seconds.
  path: Assets/Animation/New Animation.anim
  artifactKey: Guid(fd961705918c2e643af9a38c3ff067e4) Importer(815301076,1909f56bfc062723c751e8b465ee728b)
Start importing Assets/Animation/New Animation.anim using Guid(fd961705918c2e643af9a38c3ff067e4) Importer(815301076,1909f56bfc062723c751e8b465ee728b)  -> (artifact id: 'ffe340a122f9141617ca3fbda713b372') in 0.018779 seconds 
========================================================================
Received Import Request.
  Time since last request: 3.425497 seconds.
  path: Assets/Animation/Ch49_nonPBR(Clone).controller
  artifactKey: Guid(a0014026b29d3624582194fc702838e1) Importer(815301076,1909f56bfc062723c751e8b465ee728b)
Start importing Assets/Animation/Ch49_nonPBR(Clone).controller using Guid(a0014026b29d3624582194fc702838e1) Importer(815301076,1909f56bfc062723c751e8b465ee728b)  -> (artifact id: '0c8645b23b88c507c6581a7822a18939') in 0.017958 seconds 
========================================================================
Received Import Request.
  Time since last request: 5.897772 seconds.
  path: Assets/Skeletonzombie T Avelange.fbx
  artifactKey: Guid(45c6c6de8fd5e1644b0e1998ffec4f7b) Importer(815301076,1909f56bfc062723c751e8b465ee728b)
Start importing Assets/Skeletonzombie T Avelange.fbx using Guid(45c6c6de8fd5e1644b0e1998ffec4f7b) Importer(815301076,1909f56bfc062723c751e8b465ee728b)  -> (artifact id: '18ca02cdcd95c34648616ddcc017cf33') in 0.029936 seconds 
========================================================================
Received Import Request.
  Time since last request: 4.866911 seconds.
  path: Assets/Photon/PhotonUnityNetworking/Demos/DemoSlotRacer/Kenney Assets/Stylized city/Materials/11 - Default.mat
  artifactKey: Guid(b7d67d7d7ddb88542b23886a4b496c77) Importer(815301076,1909f56bfc062723c751e8b465ee728b)
Start importing Assets/Photon/PhotonUnityNetworking/Demos/DemoSlotRacer/Kenney Assets/Stylized city/Materials/11 - Default.mat using Guid(b7d67d7d7ddb88542b23886a4b496c77) Importer(815301076,1909f56bfc062723c751e8b465ee728b)  -> (artifact id: 'e2f4e0edd415a86dfa36077360b17a9a') in 0.031257 seconds 
========================================================================
Received Import Request.
  Time since last request: 0.000036 seconds.
  path: Assets/Photon/PhotonUnityNetworking/Demos/DemoSlotRacer/Kenney Assets/Stylized city/Materials/13 - Default22662.mat
  artifactKey: Guid(7d91274cc4a876a439f75445704f421b) Importer(815301076,1909f56bfc062723c751e8b465ee728b)
Start importing Assets/Photon/PhotonUnityNetworking/Demos/DemoSlotRacer/Kenney Assets/Stylized city/Materials/13 - Default22662.mat using Guid(7d91274cc4a876a439f75445704f421b) Importer(815301076,1909f56bfc062723c751e8b465ee728b)  -> (artifact id: '1eea6e21a6bf58a870d81ed6362b7d68') in 0.039752 seconds 
========================================================================
Received Import Request.
  Time since last request: 0.000026 seconds.
  path: Assets/Photon/PhotonUnityNetworking/Demos/DemoSlotRacer/Kenney Assets/Stylized city/Materials/20 - Default.mat
  artifactKey: Guid(4e1a4e79a3548164da24123dbb0f3566) Importer(815301076,1909f56bfc062723c751e8b465ee728b)
Start importing Assets/Photon/PhotonUnityNetworking/Demos/DemoSlotRacer/Kenney Assets/Stylized city/Materials/20 - Default.mat using Guid(4e1a4e79a3548164da24123dbb0f3566) Importer(815301076,1909f56bfc062723c751e8b465ee728b)  -> (artifact id: 'b41dfa520ab764fceca14a605a01e176') in 0.027402 seconds 
========================================================================
Received Import Request.
  Time since last request: 24.548990 seconds.
  path: Assets/Skeletonzombie T Avelange 1.fbx
  artifactKey: Guid(57449fa0ce19405448d9c63fc9468301) Importer(815301076,1909f56bfc062723c751e8b465ee728b)
Start importing Assets/Skeletonzombie T Avelange 1.fbx using Guid(57449fa0ce19405448d9c63fc9468301) Importer(815301076,1909f56bfc062723c751e8b465ee728b)  -> (artifact id: '41df4f563ae87c1aad5b3dfec221f4ee') in 0.056358 seconds 
========================================================================
Received Import Request.
  Time since last request: 545.977931 seconds.
  path: Assets/3d-model-scorpion-mk
  artifactKey: Guid(e28733d9e27a4ef458c78b4c7ad3e6d8) Importer(815301076,1909f56bfc062723c751e8b465ee728b)
Start importing Assets/3d-model-scorpion-mk using Guid(e28733d9e27a4ef458c78b4c7ad3e6d8) Importer(815301076,1909f56bfc062723c751e8b465ee728b)  -> (artifact id: '1b10a2c0b266030eb68e1bb533c42743') in 0.011937 seconds 
========================================================================
Received Import Request.
  Time since last request: 0.894737 seconds.
  path: Assets/3d-model-scorpion-mk/textures
  artifactKey: Guid(f6f221e221f16a244ab195ec056b32d5) Importer(815301076,1909f56bfc062723c751e8b465ee728b)
Start importing Assets/3d-model-scorpion-mk/textures using Guid(f6f221e221f16a244ab195ec056b32d5) Importer(815301076,1909f56bfc062723c751e8b465ee728b)  -> (artifact id: '5765269a3cb69fe58d2972ea021fa76a') in 0.011285 seconds 
========================================================================
Received Import Request.
  Time since last request: 0.050440 seconds.
  path: Assets/3d-model-scorpion-mk/textures/CHAR_EyesMouth_mask_2.tga.png
  artifactKey: Guid(227f44ed0a2932f4f80c02c6343ae79c) Importer(815301076,1909f56bfc062723c751e8b465ee728b)
Start importing Assets/3d-model-scorpion-mk/textures/CHAR_EyesMouth_mask_2.tga.png using Guid(227f44ed0a2932f4f80c02c6343ae79c) Importer(815301076,1909f56bfc062723c751e8b465ee728b)  -> (artifact id: '3156a59ea3feb57f35c17075cff5ab04') in 0.047811 seconds 
========================================================================
Received Import Request.
  Time since last request: 0.000028 seconds.
  path: Assets/3d-model-scorpion-mk/textures/Scorpion_A_EyesMouth_Diff.tga.png
  artifactKey: Guid(f92bcde8a82d4064cac0546aadf81fec) Importer(815301076,1909f56bfc062723c751e8b465ee728b)
Start importing Assets/3d-model-scorpion-mk/textures/Scorpion_A_EyesMouth_Diff.tga.png using Guid(f92bcde8a82d4064cac0546aadf81fec) Importer(815301076,1909f56bfc062723c751e8b465ee728b)  -> (artifact id: '6ebc6b41e367e7dd0bdc3093d4e4cd27') in 0.035042 seconds 
========================================================================
Received Import Request.
  Time since last request: 0.000030 seconds.
  path: Assets/3d-model-scorpion-mk/textures/Scorpion_A_EyesMouth_Pmsk.tga.png
  artifactKey: Guid(5b809d22ca0ed9148a6fa1dac5f06886) Importer(815301076,1909f56bfc062723c751e8b465ee728b)
Start importing Assets/3d-model-scorpion-mk/textures/Scorpion_A_EyesMouth_Pmsk.tga.png using Guid(5b809d22ca0ed9148a6fa1dac5f06886) Importer(815301076,1909f56bfc062723c751e8b465ee728b)  -> (artifact id: 'fb02fa95e406824ddb033d5847feb292') in 0.027904 seconds 
========================================================================
Received Import Request.
  Time since last request: 3.439106 seconds.
  path: Assets/3d-model-scorpion-mk/source
  artifactKey: Guid(1ee39bad1f8bbb243bb92d36199fe08f) Importer(815301076,1909f56bfc062723c751e8b465ee728b)
Start importing Assets/3d-model-scorpion-mk/source using Guid(1ee39bad1f8bbb243bb92d36199fe08f) Importer(815301076,1909f56bfc062723c751e8b465ee728b)  -> (artifact id: 'b189953eb52d33467f0af3e477cbf923') in 0.010593 seconds 
========================================================================
Received Import Request.
  Time since last request: 0.060777 seconds.
  path: Assets/3d-model-scorpion-mk/source/Scorpion.fbx
  artifactKey: Guid(08184b17d3cfeb042b5e8fc67c069130) Importer(815301076,1909f56bfc062723c751e8b465ee728b)
Start importing Assets/3d-model-scorpion-mk/source/Scorpion.fbx using Guid(08184b17d3cfeb042b5e8fc67c069130) Importer(815301076,1909f56bfc062723c751e8b465ee728b)  -> (artifact id: '0f82054d76c75d57a0e5d3abe3656e6b') in 0.126592 seconds 
========================================================================
Received Import Request.
  Time since last request: 7.297883 seconds.
  path: Assets/3d-model-scorpion-mk/source/Scorpion.fbx
  artifactKey: Guid(08184b17d3cfeb042b5e8fc67c069130) Importer(815301076,1909f56bfc062723c751e8b465ee728b)
Start importing Assets/3d-model-scorpion-mk/source/Scorpion.fbx using Guid(08184b17d3cfeb042b5e8fc67c069130) Importer(815301076,1909f56bfc062723c751e8b465ee728b)  -> (artifact id: '9ffb13b1dc05975ca23fd81df5592f12') in 0.126348 seconds 
========================================================================
Received Import Request.
  Time since last request: 228.210486 seconds.
  path: Assets/Scenes/Start.unity
  artifactKey: Guid(38245d8cca5a31e41814362ae9e5312b) Importer(815301076,1909f56bfc062723c751e8b465ee728b)
Start importing Assets/Scenes/Start.unity using Guid(38245d8cca5a31e41814362ae9e5312b) Importer(815301076,1909f56bfc062723c751e8b465ee728b)  -> (artifact id: '7fdbbd5fcaefb8554791742ce845762c') in 0.010322 seconds 
========================================================================
Received Import Request.
  Time since last request: 90.530527 seconds.
  path: Assets/3d-model-scorpion-mk/source/Scorpion.fbx
  artifactKey: Guid(08184b17d3cfeb042b5e8fc67c069130) Importer(815301076,1909f56bfc062723c751e8b465ee728b)
Start importing Assets/3d-model-scorpion-mk/source/Scorpion.fbx using Guid(08184b17d3cfeb042b5e8fc67c069130) Importer(815301076,1909f56bfc062723c751e8b465ee728b)  -> (artifact id: 'fd45e9ca83846d8942807a37c1c891a9') in 0.057959 seconds 
========================================================================
Received Import Request.
  Time since last request: 10.403600 seconds.
  path: Assets/Skeletonzombie T Avelange 1.fbx
  artifactKey: Guid(57449fa0ce19405448d9c63fc9468301) Importer(815301076,1909f56bfc062723c751e8b465ee728b)
Start importing Assets/Skeletonzombie T Avelange 1.fbx using Guid(57449fa0ce19405448d9c63fc9468301) Importer(815301076,1909f56bfc062723c751e8b465ee728b)  -> (artifact id: '10c088a289aa03f87c0ed6c098061f7b') in 0.210439 seconds 
========================================================================
Received Import Request.
  Time since last request: 4.055054 seconds.
  path: Assets/Skeletonzombie T Avelange 1.fbx
  artifactKey: Guid(57449fa0ce19405448d9c63fc9468301) Importer(815301076,1909f56bfc062723c751e8b465ee728b)
Start importing Assets/Skeletonzombie T Avelange 1.fbx using Guid(57449fa0ce19405448d9c63fc9468301) Importer(815301076,1909f56bfc062723c751e8b465ee728b)  -> (artifact id: 'c2bbcc5899e78b0120b5e27c8e983163') in 0.063634 seconds 
========================================================================
Received Import Request.
  Time since last request: 19.353231 seconds.
  path: Assets/Skeletonzombie T Avelange 1.fbx
  artifactKey: Guid(57449fa0ce19405448d9c63fc9468301) Importer(815301076,1909f56bfc062723c751e8b465ee728b)
Start importing Assets/Skeletonzombie T Avelange 1.fbx using Guid(57449fa0ce19405448d9c63fc9468301) Importer(815301076,1909f56bfc062723c751e8b465ee728b)  -> (artifact id: 'f2690189b4e6e10b9ee0eb5377d141d4') in 0.053736 seconds 
========================================================================
Received Import Request.
  Time since last request: 20.531374 seconds.
  path: Assets/Skeletonzombie T Avelange 1.fbx
  artifactKey: Guid(57449fa0ce19405448d9c63fc9468301) Importer(815301076,1909f56bfc062723c751e8b465ee728b)
Start importing Assets/Skeletonzombie T Avelange 1.fbx using Guid(57449fa0ce19405448d9c63fc9468301) Importer(815301076,1909f56bfc062723c751e8b465ee728b)  -> (artifact id: '7bc3c9a05ba8ff7a8bee17e0a10ae779') in 0.058594 seconds 
========================================================================
Received Import Request.
  Time since last request: 2.751672 seconds.
  path: Assets/Scenes/1.unity
  artifactKey: Guid(9fc0d4010bbf28b4594072e72b8655ab) Importer(815301076,1909f56bfc062723c751e8b465ee728b)
Start importing Assets/Scenes/1.unity using Guid(9fc0d4010bbf28b4594072e72b8655ab) Importer(815301076,1909f56bfc062723c751e8b465ee728b)  -> (artifact id: '265a598cdfb08355be2ffd4edeb3de12') in 0.011115 seconds 
========================================================================
Received Import Request.
  Time since last request: 12.750497 seconds.
  path: Assets/Skeletonzombie T Avelange 1.fbx
  artifactKey: Guid(57449fa0ce19405448d9c63fc9468301) Importer(815301076,1909f56bfc062723c751e8b465ee728b)
Start importing Assets/Skeletonzombie T Avelange 1.fbx using Guid(57449fa0ce19405448d9c63fc9468301) Importer(815301076,1909f56bfc062723c751e8b465ee728b)  -> (artifact id: '04815e22921ce841541418ca60aef1ad') in 0.052787 seconds 
========================================================================
Received Import Request.
  Time since last request: 141.226844 seconds.
  path: Assets/Skeletonzombie T Avelange@Hip Hop Dancing.fbx
  artifactKey: Guid(932b64cc29d7156449696cdac227c62f) Importer(815301076,1909f56bfc062723c751e8b465ee728b)
Start importing Assets/Skeletonzombie T Avelange@Hip Hop Dancing.fbx using Guid(932b64cc29d7156449696cdac227c62f) Importer(815301076,1909f56bfc062723c751e8b465ee728b)  -> (artifact id: '7f03d6488bb4af0521c15db376d7b6c4') in 0.018460 seconds 
========================================================================
Received Import Request.
  Time since last request: 29.777217 seconds.
  path: Assets/Anim
  artifactKey: Guid(fea2709b7f3c1df45862a4aa8464f268) Importer(815301076,1909f56bfc062723c751e8b465ee728b)
Start importing Assets/Anim using Guid(fea2709b7f3c1df45862a4aa8464f268) Importer(815301076,1909f56bfc062723c751e8b465ee728b)  -> (artifact id: '6eae2cc62f35142ad61a38b9eb0c4a1a') in 0.009345 seconds 
========================================================================
Received Import Request.
  Time since last request: 0.014214 seconds.
  path: Assets/Materials/skeletonZombie_body_diffuse.mat
  artifactKey: Guid(132cb0f6d56df1242856ae5a6d1028df) Importer(815301076,1909f56bfc062723c751e8b465ee728b)
Start importing Assets/Materials/skeletonZombie_body_diffuse.mat using Guid(132cb0f6d56df1242856ae5a6d1028df) Importer(815301076,1909f56bfc062723c751e8b465ee728b)  -> (artifact id: 'aa1790d8fbbe0e6d3f1c650cea07f25f') in 0.032839 seconds 
========================================================================
Received Import Request.
  Time since last request: 0.000029 seconds.
  path: Assets/Materials
  artifactKey: Guid(0d2ffca49273573489cde0a5e383328d) Importer(815301076,1909f56bfc062723c751e8b465ee728b)
Start importing Assets/Materials using Guid(0d2ffca49273573489cde0a5e383328d) Importer(815301076,1909f56bfc062723c751e8b465ee728b)  -> (artifact id: '9f7ec0d3f39b530e524f0a86ecdd7a3c') in 0.008494 seconds 
========================================================================
Received Import Request.
  Time since last request: 135.181639 seconds.
  path: Assets/Anim/CharAnim.controller
  artifactKey: Guid(709cc27492a407447bb99b19e38c841f) Importer(815301076,1909f56bfc062723c751e8b465ee728b)
Start importing Assets/Anim/CharAnim.controller using Guid(709cc27492a407447bb99b19e38c841f) Importer(815301076,1909f56bfc062723c751e8b465ee728b)  -> (artifact id: 'd3fc9a538ed94fdfc032472b08e8d120') in 0.010758 seconds 
========================================================================
Received Prepare
Registering precompiled user dll's ...
Registered in 0.012055 seconds.
Begin MonoManager ReloadAssembly
Symbol file LoadedFromMemory doesn't match image C:\Users\91770\Desktop\Unity Projects\Zombie Shooter\Library\PackageCache\com.unity.visualscripting@1.8.0\Editor\VisualScripting.Core\Dependencies\YamlDotNet\Unity.VisualScripting.YamlDotNet.dll
Symbol file LoadedFromMemory doesn't match image C:\Users\91770\Desktop\Unity Projects\Zombie Shooter\Library\PackageCache\com.unity.visualscripting@1.8.0\Editor\VisualScripting.Core\Dependencies\DotNetZip\Unity.VisualScripting.IonicZip.dll
Native extension for WindowsStandalone target not found
Native extension for WebGL target not found
Refreshing native plugins compatible for Editor in 2.78 ms, found 3 plugins.
Preloading 0 native plugins for Editor in 0.00 ms.
Mono: successfully reloaded assembly
- Completed reload, in  3.490 seconds
Domain Reload Profiling:
	ReloadAssembly (3491ms)
		BeginReloadAssembly (488ms)
			ExecutionOrderSort (0ms)
			DisableScriptedObjects (9ms)
			BackupInstance (0ms)
			ReleaseScriptingObjects (1ms)
			CreateAndSetChildDomain (204ms)
		EndReloadAssembly (2575ms)
			LoadAssemblies (321ms)
			RebuildTransferFunctionScriptingTraits (0ms)
			SetupTypeCache (926ms)
			ReleaseScriptCaches (4ms)
			RebuildScriptCaches (113ms)
			SetupLoadedEditorAssemblies (1154ms)
				LogAssemblyErrors (0ms)
				InitializePlatformSupportModulesInManaged (40ms)
				SetLoadedEditorAssemblies (1ms)
				RefreshPlugins (3ms)
				BeforeProcessingInitializeOnLoad (212ms)
				ProcessInitializeOnLoadAttributes (640ms)
				ProcessInitializeOnLoadMethodAttributes (239ms)
				AfterProcessingInitializeOnLoad (18ms)
				EditorAssembliesLoaded (0ms)
			ExecutionOrderSort2 (0ms)
			AwakeInstancesAfterBackupRestoration (10ms)
Platform modules already initialized, skipping
Refreshing native plugins compatible for Editor in 3.06 ms, found 3 plugins.
Preloading 0 native plugins for Editor in 0.00 ms.
Unloading 5777 Unused Serialized files (Serialized files now loaded: 0)
Unloading 37 unused Assets / (0.8 MB). Loaded Objects now: 6387.
Memory consumption went from 251.4 MB to 250.6 MB.
Total: 5.255000 ms (FindLiveObjects: 0.467600 ms CreateObjectMapping: 0.340100 ms MarkObjects: 4.160700 ms  DeleteObjects: 0.285900 ms)

AssetImportParameters requested are different than current active one (requested -> active):
  custom:video-decoder-ogg-theora: a1e56fd34408186e4bbccfd4996cb3dc -> 
  custom:container-muxer-webm: aa71ff27fc2769a1b78a27578f13a17b -> 
  custom:container-demuxer-webm: 4f35f7cbe854078d1ac9338744f61a02 -> 
  custom:video-encoder-webm-vp8: eb34c28f22e8b96e1ab97ce403110664 -> 
  custom:audio-encoder-webm-vorbis: bf7c407c2cedff20999df2af8eb42d56 -> 
  custom:framework-win-MediaFoundation: 216162199b28c13a410421893ffa2e32 -> 
  custom:container-demuxer-ogg: 62fdf1f143b41e24485cea50d1cbac27 -> 
  custom:video-decoder-webm-vp8: 9c59270c3fd7afecdb556c50c9e8de78 -> 
  custom:audio-decoder-ogg-vorbis: bf7c407c2cedff20999df2af8eb42d56 -> 
========================================================================
Received Import Request.
  Time since last request: 65.427126 seconds.
  path: Assets/Scenes/Start.unity
  artifactKey: Guid(38245d8cca5a31e41814362ae9e5312b) Importer(815301076,1909f56bfc062723c751e8b465ee728b)
Start importing Assets/Scenes/Start.unity using Guid(38245d8cca5a31e41814362ae9e5312b) Importer(815301076,1909f56bfc062723c751e8b465ee728b)  -> (artifact id: 'c525777b11f7875ee34a00f7d25d4249') in 0.015585 seconds 
========================================================================
Received Import Request.
  Time since last request: 46.007221 seconds.
  path: Assets/Photon/PhotonUnityNetworking/Demos/DemoProcedural/Materials/Yellow.mat
  artifactKey: Guid(90623549d4482f042ade35d8a0758e35) Importer(815301076,1909f56bfc062723c751e8b465ee728b)
Start importing Assets/Photon/PhotonUnityNetworking/Demos/DemoProcedural/Materials/Yellow.mat using Guid(90623549d4482f042ade35d8a0758e35) Importer(815301076,1909f56bfc062723c751e8b465ee728b)  -> (artifact id: '668fd2550da06f7c633df84b7c3a6d64') in 0.070212 seconds 
========================================================================
Received Import Request.
  Time since last request: 0.236042 seconds.
  path: Assets/Photon/PhotonUnityNetworking/Demos/DemoAsteroids/Materials/WhiteUnlit.mat
  artifactKey: Guid(073b1ee561def20429e655b5c8893ad4) Importer(815301076,1909f56bfc062723c751e8b465ee728b)
Start importing Assets/Photon/PhotonUnityNetworking/Demos/DemoAsteroids/Materials/WhiteUnlit.mat using Guid(073b1ee561def20429e655b5c8893ad4) Importer(815301076,1909f56bfc062723c751e8b465ee728b)  -> (artifact id: 'f251c48e22e78a981d68ebb1d7b57bab') in 0.044812 seconds 
========================================================================
Received Import Request.
  Time since last request: 0.000021 seconds.
  path: Assets/Photon/PhotonUnityNetworking/Demos/DemoSlotRacer/Kenney Assets/Racing Kit/Models/Materials/white.mat
  artifactKey: Guid(db16216c3f288ea4eb77dfefecada55a) Importer(815301076,1909f56bfc062723c751e8b465ee728b)
Start importing Assets/Photon/PhotonUnityNetworking/Demos/DemoSlotRacer/Kenney Assets/Racing Kit/Models/Materials/white.mat using Guid(db16216c3f288ea4eb77dfefecada55a) Importer(815301076,1909f56bfc062723c751e8b465ee728b)  -> (artifact id: 'b80d85e6981968210ddefb01d1048621') in 0.026376 seconds 
========================================================================
Received Import Request.
  Time since last request: 0.000079 seconds.
  path: Assets/Photon/PhotonUnityNetworking/Demos/DemoAsteroids/Materials/WhiteSmooth.mat
  artifactKey: Guid(b05171e12835ff84fb155f51d69d7c31) Importer(815301076,1909f56bfc062723c751e8b465ee728b)
Start importing Assets/Photon/PhotonUnityNetworking/Demos/DemoAsteroids/Materials/WhiteSmooth.mat using Guid(b05171e12835ff84fb155f51d69d7c31) Importer(815301076,1909f56bfc062723c751e8b465ee728b)  -> (artifact id: '62ff0edbdaab1b762e7b3dae11372b20') in 0.223083 seconds 
========================================================================
Received Import Request.
  Time since last request: 0.000042 seconds.
  path: Assets/Photon/PhotonUnityNetworking/Demos/DemoSlotRacer/Kenney Assets/Racing Kit/Models/Materials/wall.mat
  artifactKey: Guid(b5e9e0cb388c83440adfb6c0c023ee8b) Importer(815301076,1909f56bfc062723c751e8b465ee728b)
Start importing Assets/Photon/PhotonUnityNetworking/Demos/DemoSlotRacer/Kenney Assets/Racing Kit/Models/Materials/wall.mat using Guid(b5e9e0cb388c83440adfb6c0c023ee8b) Importer(815301076,1909f56bfc062723c751e8b465ee728b)  -> (artifact id: 'ad45ce1f057db4777a68deaeaf71f778') in 0.025103 seconds 
========================================================================
Received Import Request.
  Time since last request: 50.764173 seconds.
  path: Assets/Anim/CharAnim.controller
  artifactKey: Guid(709cc27492a407447bb99b19e38c841f) Importer(815301076,1909f56bfc062723c751e8b465ee728b)
Start importing Assets/Anim/CharAnim.controller using Guid(709cc27492a407447bb99b19e38c841f) Importer(815301076,1909f56bfc062723c751e8b465ee728b)  -> (artifact id: '7cc57f6c4b34d8065335842cfca4a3bc') in 0.012284 seconds 
========================================================================
Received Import Request.
  Time since last request: 21.220012 seconds.
  path: Assets/Photon/PhotonUnityNetworking/Demos/Shared Assets/Animations/HumanoidWalkTurnSharp.fbx
  artifactKey: Guid(bb141fc9a700c9c4ca7e6dadb8acf24b) Importer(815301076,1909f56bfc062723c751e8b465ee728b)
Start importing Assets/Photon/PhotonUnityNetworking/Demos/Shared Assets/Animations/HumanoidWalkTurnSharp.fbx using Guid(bb141fc9a700c9c4ca7e6dadb8acf24b) Importer(815301076,1909f56bfc062723c751e8b465ee728b)  -> (artifact id: '8a40195a74a50115b11c13142eb89767') in 0.034710 seconds 
========================================================================
Received Import Request.
  Time since last request: 0.000074 seconds.
  path: Assets/Photon/PhotonUnityNetworking/Demos/Shared Assets/Models/Robot Kyle.fbx
  artifactKey: Guid(320b1c2af77554f99a1658df4a6d3d5c) Importer(815301076,1909f56bfc062723c751e8b465ee728b)
Start importing Assets/Photon/PhotonUnityNetworking/Demos/Shared Assets/Models/Robot Kyle.fbx using Guid(320b1c2af77554f99a1658df4a6d3d5c) Importer(815301076,1909f56bfc062723c751e8b465ee728b)  -> (artifact id: '3bda221db2b8568e713e1bd3dd846a75') in 0.236949 seconds 
========================================================================
Received Prepare
Registering precompiled user dll's ...
Registered in 0.013717 seconds.
Begin MonoManager ReloadAssembly
Symbol file LoadedFromMemory doesn't match image C:\Users\91770\Desktop\Unity Projects\Zombie Shooter\Library\PackageCache\com.unity.visualscripting@1.8.0\Editor\VisualScripting.Core\Dependencies\YamlDotNet\Unity.VisualScripting.YamlDotNet.dll
Symbol file LoadedFromMemory doesn't match image C:\Users\91770\Desktop\Unity Projects\Zombie Shooter\Library\PackageCache\com.unity.visualscripting@1.8.0\Editor\VisualScripting.Core\Dependencies\DotNetZip\Unity.VisualScripting.IonicZip.dll
Native extension for WindowsStandalone target not found
Native extension for WebGL target not found
Refreshing native plugins compatible for Editor in 3.20 ms, found 3 plugins.
Preloading 0 native plugins for Editor in 0.00 ms.
Mono: successfully reloaded assembly
- Completed reload, in  2.751 seconds
Domain Reload Profiling:
	ReloadAssembly (2752ms)
		BeginReloadAssembly (190ms)
			ExecutionOrderSort (0ms)
			DisableScriptedObjects (5ms)
			BackupInstance (0ms)
			ReleaseScriptingObjects (0ms)
			CreateAndSetChildDomain (49ms)
		EndReloadAssembly (2278ms)
			LoadAssemblies (243ms)
			RebuildTransferFunctionScriptingTraits (0ms)
			SetupTypeCache (911ms)
			ReleaseScriptCaches (8ms)
			RebuildScriptCaches (156ms)
			SetupLoadedEditorAssemblies (836ms)
				LogAssemblyErrors (0ms)
				InitializePlatformSupportModulesInManaged (34ms)
				SetLoadedEditorAssemblies (1ms)
				RefreshPlugins (4ms)
				BeforeProcessingInitializeOnLoad (224ms)
				ProcessInitializeOnLoadAttributes (439ms)
				ProcessInitializeOnLoadMethodAttributes (121ms)
				AfterProcessingInitializeOnLoad (14ms)
				EditorAssembliesLoaded (0ms)
			ExecutionOrderSort2 (0ms)
			AwakeInstancesAfterBackupRestoration (7ms)
Platform modules already initialized, skipping
Refreshing native plugins compatible for Editor in 5.10 ms, found 3 plugins.
Preloading 0 native plugins for Editor in 0.00 ms.
Unloading 5777 Unused Serialized files (Serialized files now loaded: 0)
Unloading 37 unused Assets / (0.8 MB). Loaded Objects now: 6405.
Memory consumption went from 251.9 MB to 251.1 MB.
Total: 4.378300 ms (FindLiveObjects: 0.496700 ms CreateObjectMapping: 0.422400 ms MarkObjects: 3.091300 ms  DeleteObjects: 0.367100 ms)

AssetImportParameters requested are different than current active one (requested -> active):
  custom:video-decoder-ogg-theora: a1e56fd34408186e4bbccfd4996cb3dc -> 
  custom:container-muxer-webm: aa71ff27fc2769a1b78a27578f13a17b -> 
  custom:container-demuxer-webm: 4f35f7cbe854078d1ac9338744f61a02 -> 
  custom:video-encoder-webm-vp8: eb34c28f22e8b96e1ab97ce403110664 -> 
  custom:audio-encoder-webm-vorbis: bf7c407c2cedff20999df2af8eb42d56 -> 
  custom:framework-win-MediaFoundation: 216162199b28c13a410421893ffa2e32 -> 
  custom:container-demuxer-ogg: 62fdf1f143b41e24485cea50d1cbac27 -> 
  custom:video-decoder-webm-vp8: 9c59270c3fd7afecdb556c50c9e8de78 -> 
  custom:audio-decoder-ogg-vorbis: bf7c407c2cedff20999df2af8eb42d56 -> 
========================================================================
Received Prepare
Registering precompiled user dll's ...
Registered in 0.013323 seconds.
Begin MonoManager ReloadAssembly
Symbol file LoadedFromMemory doesn't match image C:\Users\91770\Desktop\Unity Projects\Zombie Shooter\Library\PackageCache\com.unity.visualscripting@1.8.0\Editor\VisualScripting.Core\Dependencies\YamlDotNet\Unity.VisualScripting.YamlDotNet.dll
Symbol file LoadedFromMemory doesn't match image C:\Users\91770\Desktop\Unity Projects\Zombie Shooter\Library\PackageCache\com.unity.visualscripting@1.8.0\Editor\VisualScripting.Core\Dependencies\DotNetZip\Unity.VisualScripting.IonicZip.dll
Native extension for WindowsStandalone target not found
Native extension for WebGL target not found
Refreshing native plugins compatible for Editor in 2.63 ms, found 3 plugins.
Preloading 0 native plugins for Editor in 0.00 ms.
Mono: successfully reloaded assembly
- Completed reload, in  3.009 seconds
Domain Reload Profiling:
	ReloadAssembly (3010ms)
		BeginReloadAssembly (288ms)
			ExecutionOrderSort (0ms)
			DisableScriptedObjects (5ms)
			BackupInstance (0ms)
			ReleaseScriptingObjects (0ms)
			CreateAndSetChildDomain (85ms)
		EndReloadAssembly (2462ms)
			LoadAssemblies (288ms)
			RebuildTransferFunctionScriptingTraits (0ms)
			SetupTypeCache (855ms)
			ReleaseScriptCaches (6ms)
			RebuildScriptCaches (153ms)
			SetupLoadedEditorAssemblies (1074ms)
				LogAssemblyErrors (0ms)
				InitializePlatformSupportModulesInManaged (39ms)
				SetLoadedEditorAssemblies (1ms)
				RefreshPlugins (3ms)
				BeforeProcessingInitializeOnLoad (231ms)
				ProcessInitializeOnLoadAttributes (578ms)
				ProcessInitializeOnLoadMethodAttributes (206ms)
				AfterProcessingInitializeOnLoad (16ms)
				EditorAssembliesLoaded (0ms)
			ExecutionOrderSort2 (0ms)
			AwakeInstancesAfterBackupRestoration (11ms)
Platform modules already initialized, skipping
Refreshing native plugins compatible for Editor in 4.83 ms, found 3 plugins.
Preloading 0 native plugins for Editor in 0.00 ms.
Unloading 5777 Unused Serialized files (Serialized files now loaded: 0)
Unloading 37 unused Assets / (0.8 MB). Loaded Objects now: 6421.
Memory consumption went from 251.9 MB to 251.2 MB.
Total: 7.733200 ms (FindLiveObjects: 0.590200 ms CreateObjectMapping: 0.531900 ms MarkObjects: 6.082600 ms  DeleteObjects: 0.526600 ms)

AssetImportParameters requested are different than current active one (requested -> active):
  custom:video-decoder-ogg-theora: a1e56fd34408186e4bbccfd4996cb3dc -> 
  custom:container-muxer-webm: aa71ff27fc2769a1b78a27578f13a17b -> 
  custom:container-demuxer-webm: 4f35f7cbe854078d1ac9338744f61a02 -> 
  custom:video-encoder-webm-vp8: eb34c28f22e8b96e1ab97ce403110664 -> 
  custom:audio-encoder-webm-vorbis: bf7c407c2cedff20999df2af8eb42d56 -> 
  custom:framework-win-MediaFoundation: 216162199b28c13a410421893ffa2e32 -> 
  custom:container-demuxer-ogg: 62fdf1f143b41e24485cea50d1cbac27 -> 
  custom:video-decoder-webm-vp8: 9c59270c3fd7afecdb556c50c9e8de78 -> 
  custom:audio-decoder-ogg-vorbis: bf7c407c2cedff20999df2af8eb42d56 -> 
========================================================================
Received Import Request.
  Time since last request: 1175.742306 seconds.
  path: Assets/High_resolution_wallpaper_background_ID_77701835995.jpg
  artifactKey: Guid(a43568d9867594a41bb15a7f1bfa85b0) Importer(815301076,1909f56bfc062723c751e8b465ee728b)
Start importing Assets/High_resolution_wallpaper_background_ID_77701835995.jpg using Guid(a43568d9867594a41bb15a7f1bfa85b0) Importer(815301076,1909f56bfc062723c751e8b465ee728b)  -> (artifact id: '8588b86c00da2f1ff9e54a9a04db51de') in 0.073508 seconds 
========================================================================
Received Import Request.
  Time since last request: 62.280346 seconds.
  path: Assets/High_resolution_wallpaper_background_ID_77701835995.jpg
  artifactKey: Guid(a43568d9867594a41bb15a7f1bfa85b0) Importer(815301076,1909f56bfc062723c751e8b465ee728b)
Start importing Assets/High_resolution_wallpaper_background_ID_77701835995.jpg using Guid(a43568d9867594a41bb15a7f1bfa85b0) Importer(815301076,1909f56bfc062723c751e8b465ee728b)  -> (artifact id: 'cef27738a7583c89c9d1b7fbe634531b') in 0.216954 seconds 
========================================================================
Received Import Request.
  Time since last request: 7.805415 seconds.
  path: Packages/com.unity.collab-proxy/Editor/PlasticSCM/Assets/Images/buttonssosigninemail.png
  artifactKey: Guid(d24e7e0b75e1a244bb9687d6fd4315ef) Importer(815301076,1909f56bfc062723c751e8b465ee728b)
Start importing Packages/com.unity.collab-proxy/Editor/PlasticSCM/Assets/Images/buttonssosigninemail.png using Guid(d24e7e0b75e1a244bb9687d6fd4315ef) Importer(815301076,1909f56bfc062723c751e8b465ee728b)  -> (artifact id: '428a297c45383cc356c7a900067a3607') in 0.047372 seconds 
========================================================================
Received Import Request.
  Time since last request: 0.000034 seconds.
  path: Packages/com.unity.collab-proxy/Editor/PlasticSCM/Assets/Images/d_cloudbuhoshechristmas.png
  artifactKey: Guid(9c0d6ec706e01ce448aea81584af092b) Importer(815301076,1909f56bfc062723c751e8b465ee728b)
Start importing Packages/com.unity.collab-proxy/Editor/PlasticSCM/Assets/Images/d_cloudbuhoshechristmas.png using Guid(9c0d6ec706e01ce448aea81584af092b) Importer(815301076,1909f56bfc062723c751e8b465ee728b)  -> (artifact id: 'df0c176752be252f346ece68cb0312e5') in 0.047300 seconds 
========================================================================
Received Import Request.
  Time since last request: 0.000029 seconds.
  path: Packages/com.unity.collab-proxy/Editor/PlasticSCM/Assets/Images/buttonssosigninunity.png
  artifactKey: Guid(f9161c6c9e06dc445ada3ee16d991f90) Importer(815301076,1909f56bfc062723c751e8b465ee728b)
Start importing Packages/com.unity.collab-proxy/Editor/PlasticSCM/Assets/Images/buttonssosigninunity.png using Guid(f9161c6c9e06dc445ada3ee16d991f90) Importer(815301076,1909f56bfc062723c751e8b465ee728b)  -> (artifact id: 'a14492d1cf2d5ee5e7fbc431417031d4') in 0.042605 seconds 
========================================================================
Received Import Request.
  Time since last request: 0.000060 seconds.
  path: Packages/com.unity.collab-proxy/Editor/PlasticSCM/Assets/Images/d_cloudbuhochristmas.png
  artifactKey: Guid(70632ddfe8e71b04b8f90ef7e29a9e98) Importer(815301076,1909f56bfc062723c751e8b465ee728b)
Start importing Packages/com.unity.collab-proxy/Editor/PlasticSCM/Assets/Images/d_cloudbuhochristmas.png using Guid(70632ddfe8e71b04b8f90ef7e29a9e98) Importer(815301076,1909f56bfc062723c751e8b465ee728b)  -> (artifact id: '18316023d4f691c0de614cea2c51ee06') in 0.064358 seconds 
========================================================================
Received Import Request.
  Time since last request: 0.000038 seconds.
  path: Packages/com.unity.collab-proxy/Editor/PlasticSCM/Assets/Images/d_cloudbuhoshe.png
  artifactKey: Guid(dae33700bd23f76409a80bf78fdb8a42) Importer(815301076,1909f56bfc062723c751e8b465ee728b)
Start importing Packages/com.unity.collab-proxy/Editor/PlasticSCM/Assets/Images/d_cloudbuhoshe.png using Guid(dae33700bd23f76409a80bf78fdb8a42) Importer(815301076,1909f56bfc062723c751e8b465ee728b)  -> (artifact id: '314a5cd353439c50f7ae58ce339670b0') in 0.045836 seconds 
========================================================================
Received Import Request.
  Time since last request: 2.182928 seconds.
  path: Packages/com.unity.collab-proxy/Editor/PlasticSCM/Assets/Images/d_colorbuho.png
  artifactKey: Guid(3a0c527d7f890d64a9b56b086e6e766a) Importer(815301076,1909f56bfc062723c751e8b465ee728b)
Start importing Packages/com.unity.collab-proxy/Editor/PlasticSCM/Assets/Images/d_colorbuho.png using Guid(3a0c527d7f890d64a9b56b086e6e766a) Importer(815301076,1909f56bfc062723c751e8b465ee728b)  -> (artifact id: '59854aade5b7f9d19bbe6ac5328b684c') in 0.038223 seconds 
========================================================================
Received Import Request.
  Time since last request: 0.000030 seconds.
  path: Packages/com.unity.collab-proxy/Editor/PlasticSCM/Assets/Images/d_colorbuhoshe.png
  artifactKey: Guid(a04ecc9d5e12d5d449077414eb86635e) Importer(815301076,1909f56bfc062723c751e8b465ee728b)
Start importing Packages/com.unity.collab-proxy/Editor/PlasticSCM/Assets/Images/d_colorbuhoshe.png using Guid(a04ecc9d5e12d5d449077414eb86635e) Importer(815301076,1909f56bfc062723c751e8b465ee728b)  -> (artifact id: 'a8bef86dc1f6959f6b4e4ca281920786') in 0.039660 seconds 
========================================================================
Received Import Request.
  Time since last request: 0.000050 seconds.
  path: Packages/com.unity.collab-proxy/Editor/PlasticSCM/Assets/Images/d_expertbuho.png
  artifactKey: Guid(13e7e6fe43a8aa049bcd610bbc1f5ff8) Importer(815301076,1909f56bfc062723c751e8b465ee728b)
Start importing Packages/com.unity.collab-proxy/Editor/PlasticSCM/Assets/Images/d_expertbuho.png using Guid(13e7e6fe43a8aa049bcd610bbc1f5ff8) Importer(815301076,1909f56bfc062723c751e8b465ee728b)  -> (artifact id: 'd9d6363ff93a05a416375cd6af234fa7') in 0.041144 seconds 
========================================================================
Received Import Request.
  Time since last request: 0.919203 seconds.
  path: Assets/Photon/PhotonChat/Demos/DemoChat/Files/PunIcon-White-129.png
  artifactKey: Guid(37b0a18b391c6ae468b5bcc74bba2c1a) Importer(815301076,1909f56bfc062723c751e8b465ee728b)
Start importing Assets/Photon/PhotonChat/Demos/DemoChat/Files/PunIcon-White-129.png using Guid(37b0a18b391c6ae468b5bcc74bba2c1a) Importer(815301076,1909f56bfc062723c751e8b465ee728b)  -> (artifact id: 'c5ab4733a0f25f4221912b4760a1da60') in 0.032979 seconds 
Editor requested this worker to shutdown with reason: Scaling down because of idle timeout
AssetImportWorker is now disconnected from the server
Process exiting
Exiting without the bug reporter. Application will terminate with return code 0